[2025-08-10T16:24:43.335Z] [COLLISION BODY] segmentIndex=13, segX=14, segY=11, headX=14, headY=11
[2025-08-10T16:24:43.336Z] [GAME OVER] newX=14, newY=11 [{"x":14,"y":10,"posX":280,"posY":219.96000000042187},{"x":14,"y":9,"posX":280,"posY":216.74125080777878},{"x":14,"y":8,"posX":280,"posY":213.56974719408385},{"x":13,"y":8,"posX":279.99999996549127,"posY":210.49702567144132},{"x":12,"y":8,"posX":279.9999992743627,"posY":207.5534007385701},{"x":11,"y":8,"posX":279.99999256757263,"posY":204.72981050138873},{"x":10,"y":8,"posX":279.9999498749871,"posY":201.98363049856763},{"x":10,"y":9,"posX":279.9997475450149,"posY":199.26280846799838},{"x":10,"y":10,"posX":279.99898177347916,"posY":196.529136598092},{"x":10,"y":11,"posX":279.9965615821806,"posY":193.76826027880003},{"x":11,"y":11,"posX":279.989973906291,"posY":190.98643944234047},{"x":12,"y":11,"posX":279.9741760767161,"posY":188.20129621748322},{"x":13,"y":11,"posX":279.9402139844977,"posY":185.43379014131662},{"x":14,"y":11,"posX":279.873853727868,"posY":182.70480259303446},{"x":15,"y":11,"posX":279.754669927941,"posY":180.03580997917405},{"x":16,"y":11,"posX":279.55606231876493,"posY":177.45113893851402},{"x":17,"y":11,"posX":279.2465206776969,"posY":174.979321054496},{"x":17,"y":10,"posX":278.79215103190126,"posY":172.65224532943208}]
[2025-08-10T16:28:11.722Z] [COLLISION BODY] segmentIndex=11, segX=1, segY=9, headX=1, headY=9
[2025-08-10T16:28:11.723Z] [GAME OVER] newX=1, newY=9 [{"x":1,"y":8,"posX":20,"posY":179.7600000008268},{"x":1,"y":7,"posX":20,"posY":176.54520256126548},{"x":1,"y":6,"posX":20,"posY":173.3743051791841},{"x":1,"y":5,"posX":20,"posY":170.3012728144156},{"x":1,"y":4,"posX":20,"posY":167.35722401999513},{"x":0,"y":4,"posX":19.999999999999588,"posY":164.53323549433694},{"x":0,"y":5,"posX":19.999999999986308,"posY":161.7866992039212},{"x":0,"y":6,"posX":19.999999999779124,"posY":159.06551663531116},{"x":0,"y":7,"posX":19.99999999767092,"posY":156.33119997419345},{"x":0,"y":8,"posX":19.999999981795593,"posY":153.56848434081223},{"x":1,"y":8,"posX":19.999999886924957,"posY":150.7813678005519},{"x":1,"y":9,"posX":19.99999941656214,"posY":147.98274487007905},{"x":1,"y":10,"posX":19.999997421473154,"posY":145.18495201554657}]
[2025-08-10T16:28:21.384Z] [DEBUG] tileCount=20 gridSize=20
[2025-08-10T16:28:25.959Z] [COLLISION BORDER] X=-1, Y=0
[2025-08-10T16:28:25.960Z] [GAME OVER] newX=-1, newY=0 [{"x":0,"y":0,"posX":-19.413333333732925,"posY":0},{"x":1,"y":0,"posX":-16.187954339318697,"posY":0}]
[2025-08-10T16:28:34.551Z] [DEBUG] tileCount=20 gridSize=20
[2025-08-10T16:28:41.129Z] [COLLISION BORDER] X=18, Y=20
[2025-08-10T16:28:41.130Z] [GAME OVER] newX=18, newY=20 [{"x":18,"y":19,"posX":360,"posY":399.35999999980703},{"x":18,"y":18,"posX":360,"posY":396.13790814205714},{"x":18,"y":17,"posX":360,"posY":392.97840192765824},{"x":18,"y":16,"posX":360,"posY":389.93006792499597}]
[2025-08-10T16:29:08.665Z] [DEBUG] tileCount=20 gridSize=20
[2025-08-10T16:29:16.572Z] [COLLISION BORDER] X=1, Y=-1
[2025-08-10T16:29:16.572Z] [GAME OVER] newX=1, newY=-1 [{"x":1,"y":0,"posX":20,"posY":-19.600000000005323},{"x":1,"y":1,"posX":20,"posY":-16.382775841538205},{"x":1,"y":2,"posX":20,"posY":-13.211680171549318}]
[2025-08-10T16:30:43.686Z] [DEBUG] tileCount=20 gridSize=20
[2025-08-10T16:30:48.633Z] [COLLISION BORDER] X=14, Y=-1
[2025-08-10T16:30:48.633Z] [GAME OVER] newX=14, newY=-1 [{"x":14,"y":0,"posX":280,"posY":-19.493333333536786},{"x":14,"y":1,"posX":280,"posY":-16.114960974105365},{"x":14,"y":2,"posX":280,"posY":-12.717165941366316}]
[2025-08-10T16:30:54.452Z] [DEBUG] tileCount=20 gridSize=20
[2025-08-10T16:31:05.456Z] [DEBUG] tileCount=20 gridSize=20
[2025-08-10T16:31:44.965Z] [COLLISION BORDER] X=5, Y=20
[2025-08-10T16:31:44.965Z] [GAME OVER] newX=5, newY=20 [{"x":5,"y":19,"posX":100,"posY":399.4000000000264},{"x":5,"y":18,"posX":100,"posY":396.17126414469686},{"x":5,"y":17,"posX":100,"posY":392.99983270234355},{"x":6,"y":17,"posX":100.00000002695995,"posY":389.9275173603233},{"x":7,"y":17,"posX":100.00000064314479,"posY":386.9842728218137},{"x":8,"y":17,"posX":100.00000706369595,"posY":384.16182362103035},{"x":9,"y":17,"posX":100.00004970360585,"posY":381.41873261969255},{"x":9,"y":16,"posX":100.00025721162456,"posY":378.7041382226009},{"x":9,"y":15,"posX":100.00105592726928,"posY":375.9805454894618},{"x":9,"y":14,"posX":100.003607082694,"posY":373.2334641740792},{"x":9,"y":13,"posX":100.01059516356877,"posY":370.4681299988548},{"x":9,"y":12,"posX":100.02740846667494,"posY":367.7006266787976},{"x":9,"y":11,"posX":100.06359392283123,"posY":364.9505051105381}]
